{"/Users/cln/src/wejay-2025/src/lib/socket-setup.ts": {"path":"/Users/cln/src/wejay-2025/src/lib/socket-setup.ts","statementMap":{"0":{"start":{"line":20,"column":40},"end":{"line":25,"column":null}},"1":{"start":{"line":28,"column":46},"end":{"line":32,"column":null}},"2":{"start":{"line":34,"column":2},"end":{"line":38,"column":null}},"3":{"start":{"line":42,"column":2},"end":{"line":42,"column":null}},"4":{"start":{"line":44,"column":2},"end":{"line":44,"column":null}},"5":{"start":{"line":45,"column":2},"end":{"line":45,"column":null}},"6":{"start":{"line":46,"column":2},"end":{"line":46,"column":null}},"7":{"start":{"line":48,"column":36},"end":{"line":48,"column":null}},"8":{"start":{"line":50,"column":2},"end":{"line":50,"column":null}},"9":{"start":{"line":52,"column":2},"end":{"line":57,"column":null}},"10":{"start":{"line":53,"column":4},"end":{"line":56,"column":null}},"11":{"start":{"line":59,"column":2},"end":{"line":59,"column":null}},"12":{"start":{"line":63,"column":2},"end":{"line":63,"column":null}},"13":{"start":{"line":65,"column":2},"end":{"line":65,"column":null}},"14":{"start":{"line":66,"column":2},"end":{"line":66,"column":null}},"15":{"start":{"line":70,"column":2},"end":{"line":70,"column":null}},"16":{"start":{"line":72,"column":20},"end":{"line":72,"column":null}},"17":{"start":{"line":73,"column":23},"end":{"line":73,"column":null}},"18":{"start":{"line":75,"column":19},"end":{"line":75,"column":null}},"19":{"start":{"line":76,"column":2},"end":{"line":76,"column":null}},"20":{"start":{"line":77,"column":2},"end":{"line":77,"column":null}},"21":{"start":{"line":79,"column":2},"end":{"line":88,"column":null}},"22":{"start":{"line":80,"column":39},"end":{"line":85,"column":null}},"23":{"start":{"line":86,"column":4},"end":{"line":86,"column":null}},"24":{"start":{"line":87,"column":4},"end":{"line":87,"column":null}},"25":{"start":{"line":90,"column":2},"end":{"line":90,"column":null}},"26":{"start":{"line":94,"column":2},"end":{"line":94,"column":null}},"27":{"start":{"line":96,"column":2},"end":{"line":100,"column":null}},"28":{"start":{"line":97,"column":4},"end":{"line":99,"column":null}},"29":{"start":{"line":104,"column":2},"end":{"line":104,"column":null}},"30":{"start":{"line":106,"column":2},"end":{"line":117,"column":null}},"31":{"start":{"line":107,"column":4},"end":{"line":107,"column":null}},"32":{"start":{"line":109,"column":4},"end":{"line":111,"column":null}},"33":{"start":{"line":110,"column":6},"end":{"line":110,"column":null}},"34":{"start":{"line":113,"column":4},"end":{"line":113,"column":null}},"35":{"start":{"line":113,"column":37},"end":{"line":113,"column":76}},"36":{"start":{"line":114,"column":4},"end":{"line":114,"column":null}},"37":{"start":{"line":114,"column":38},"end":{"line":114,"column":67}},"38":{"start":{"line":115,"column":4},"end":{"line":115,"column":null}},"39":{"start":{"line":115,"column":37},"end":{"line":115,"column":68}},"40":{"start":{"line":116,"column":4},"end":{"line":116,"column":null}},"41":{"start":{"line":116,"column":34},"end":{"line":116,"column":58}}},"fnMap":{"0":{"name":"getRoomState","decl":{"start":{"line":27,"column":15},"end":{"line":27,"column":28}},"loc":{"start":{"line":27,"column":58},"end":{"line":39,"column":null}},"line":27},"1":{"name":"handleJoinRoom","decl":{"start":{"line":41,"column":15},"end":{"line":41,"column":30}},"loc":{"start":{"line":41,"column":136},"end":{"line":60,"column":null}},"line":41},"2":{"name":"handleLeaveRoom","decl":{"start":{"line":62,"column":9},"end":{"line":62,"column":25}},"loc":{"start":{"line":62,"column":97},"end":{"line":67,"column":null}},"line":62},"3":{"name":"handleAddTrack","decl":{"start":{"line":69,"column":15},"end":{"line":69,"column":30}},"loc":{"start":{"line":69,"column":140},"end":{"line":91,"column":null}},"line":69},"4":{"name":"handleDisconnect","decl":{"start":{"line":93,"column":9},"end":{"line":93,"column":26}},"loc":{"start":{"line":93,"column":42},"end":{"line":101,"column":null}},"line":93},"5":{"name":"setupSocketIO","decl":{"start":{"line":103,"column":16},"end":{"line":103,"column":30}},"loc":{"start":{"line":103,"column":64},"end":{"line":118,"column":null}},"line":103},"6":{"name":"(anonymous_6)","decl":{"start":{"line":106,"column":22},"end":{"line":106,"column":23}},"loc":{"start":{"line":106,"column":34},"end":{"line":117,"column":3}},"line":106},"7":{"name":"(anonymous_7)","decl":{"start":{"line":109,"column":17},"end":{"line":109,"column":18}},"loc":{"start":{"line":109,"column":41},"end":{"line":111,"column":5}},"line":109},"8":{"name":"(anonymous_8)","decl":{"start":{"line":113,"column":27},"end":{"line":113,"column":28}},"loc":{"start":{"line":113,"column":37},"end":{"line":113,"column":76}},"line":113},"9":{"name":"(anonymous_9)","decl":{"start":{"line":114,"column":28},"end":{"line":114,"column":29}},"loc":{"start":{"line":114,"column":38},"end":{"line":114,"column":67}},"line":114},"10":{"name":"(anonymous_10)","decl":{"start":{"line":115,"column":27},"end":{"line":115,"column":28}},"loc":{"start":{"line":115,"column":37},"end":{"line":115,"column":68}},"line":115},"11":{"name":"(anonymous_11)","decl":{"start":{"line":116,"column":28},"end":{"line":116,"column":34}},"loc":{"start":{"line":116,"column":34},"end":{"line":116,"column":58}},"line":116}},"branchMap":{"0":{"loc":{"start":{"line":35,"column":11},"end":{"line":35,"column":null}},"type":"cond-expr","locations":[{"start":{"line":35,"column":24},"end":{"line":35,"column":58}},{"start":{"line":35,"column":58},"end":{"line":35,"column":null}}],"line":35},"1":{"loc":{"start":{"line":36,"column":14},"end":{"line":36,"column":null}},"type":"cond-expr","locations":[{"start":{"line":36,"column":30},"end":{"line":36,"column":75}},{"start":{"line":36,"column":75},"end":{"line":36,"column":null}}],"line":36},"2":{"loc":{"start":{"line":37,"column":10},"end":{"line":37,"column":null}},"type":"cond-expr","locations":[{"start":{"line":37,"column":22},"end":{"line":37,"column":54}},{"start":{"line":37,"column":54},"end":{"line":37,"column":null}}],"line":37},"3":{"loc":{"start":{"line":52,"column":2},"end":{"line":57,"column":null}},"type":"if","locations":[{"start":{"line":52,"column":2},"end":{"line":57,"column":null}},{"start":{},"end":{}}],"line":52},"4":{"loc":{"start":{"line":73,"column":23},"end":{"line":73,"column":null}},"type":"cond-expr","locations":[{"start":{"line":73,"column":35},"end":{"line":73,"column":59}},{"start":{"line":73,"column":59},"end":{"line":73,"column":null}}],"line":73},"5":{"loc":{"start":{"line":79,"column":2},"end":{"line":88,"column":null}},"type":"if","locations":[{"start":{"line":79,"column":2},"end":{"line":88,"column":null}},{"start":{},"end":{}}],"line":79},"6":{"loc":{"start":{"line":96,"column":2},"end":{"line":100,"column":null}},"type":"if","locations":[{"start":{"line":96,"column":2},"end":{"line":100,"column":null}},{"start":{},"end":{}}],"line":96},"7":{"loc":{"start":{"line":96,"column":6},"end":{"line":96,"column":48}},"type":"binary-expr","locations":[{"start":{"line":96,"column":6},"end":{"line":96,"column":28}},{"start":{"line":96,"column":28},"end":{"line":96,"column":48}}],"line":96}},"s":{"0":1,"1":1,"2":1,"3":1,"4":1,"5":1,"6":1,"7":1,"8":1,"9":1,"10":1,"11":1,"12":1,"13":1,"14":1,"15":1,"16":1,"17":1,"18":1,"19":1,"20":1,"21":1,"22":1,"23":1,"24":1,"25":1,"26":1,"27":1,"28":1,"29":6,"30":6,"31":6,"32":6,"33":0,"34":6,"35":1,"36":6,"37":1,"38":6,"39":1,"40":6,"41":1},"f":{"0":1,"1":1,"2":1,"3":1,"4":1,"5":6,"6":6,"7":0,"8":1,"9":1,"10":1,"11":1},"b":{"0":[1,0],"1":[1,0],"2":[1,0],"3":[1,0],"4":[1,0],"5":[1,0],"6":[1,0],"7":[1,1]},"meta":{"lastBranch":8,"lastFunction":12,"lastStatement":42,"seen":{"s:20:40:25:Infinity":0,"f:27:15:27:28":0,"s:28:46:32:Infinity":1,"s:34:2:38:Infinity":2,"b:35:24:35:58:35:58:35:Infinity":0,"b:36:30:36:75:36:75:36:Infinity":1,"b:37:22:37:54:37:54:37:Infinity":2,"f:41:15:41:30":1,"s:42:2:42:Infinity":3,"s:44:2:44:Infinity":4,"s:45:2:45:Infinity":5,"s:46:2:46:Infinity":6,"s:48:36:48:Infinity":7,"s:50:2:50:Infinity":8,"b:52:2:57:Infinity:undefined:undefined:undefined:undefined":3,"s:52:2:57:Infinity":9,"s:53:4:56:Infinity":10,"s:59:2:59:Infinity":11,"f:62:9:62:25":2,"s:63:2:63:Infinity":12,"s:65:2:65:Infinity":13,"s:66:2:66:Infinity":14,"f:69:15:69:30":3,"s:70:2:70:Infinity":15,"s:72:20:72:Infinity":16,"s:73:23:73:Infinity":17,"b:73:35:73:59:73:59:73:Infinity":4,"s:75:19:75:Infinity":18,"s:76:2:76:Infinity":19,"s:77:2:77:Infinity":20,"b:79:2:88:Infinity:undefined:undefined:undefined:undefined":5,"s:79:2:88:Infinity":21,"s:80:39:85:Infinity":22,"s:86:4:86:Infinity":23,"s:87:4:87:Infinity":24,"s:90:2:90:Infinity":25,"f:93:9:93:26":4,"s:94:2:94:Infinity":26,"b:96:2:100:Infinity:undefined:undefined:undefined:undefined":6,"s:96:2:100:Infinity":27,"b:96:6:96:28:96:28:96:48":7,"s:97:4:99:Infinity":28,"f:103:16:103:30":5,"s:104:2:104:Infinity":29,"s:106:2:117:Infinity":30,"f:106:22:106:23":6,"s:107:4:107:Infinity":31,"s:109:4:111:Infinity":32,"f:109:17:109:18":7,"s:110:6:110:Infinity":33,"s:113:4:113:Infinity":34,"f:113:27:113:28":8,"s:113:37:113:76":35,"s:114:4:114:Infinity":36,"f:114:28:114:29":9,"s:114:38:114:67":37,"s:115:4:115:Infinity":38,"f:115:27:115:28":10,"s:115:37:115:68":39,"s:116:4:116:Infinity":40,"f:116:28:116:34":11,"s:116:34:116:58":41},"fnNames":{}}}
,"/Users/cln/src/wejay-2025/src/middleware/auth.ts": {"path":"/Users/cln/src/wejay-2025/src/middleware/auth.ts","statementMap":{"0":{"start":{"line":22,"column":26},"end":{"line":22,"column":null}},"1":{"start":{"line":23,"column":27},"end":{"line":23,"column":null}},"2":{"start":{"line":24,"column":33},"end":{"line":24,"column":null}},"3":{"start":{"line":25,"column":34},"end":{"line":25,"column":null}},"4":{"start":{"line":27,"column":22},"end":{"line":27,"column":null}},"5":{"start":{"line":30,"column":14},"end":{"line":30,"column":null}},"6":{"start":{"line":31,"column":2},"end":{"line":35,"column":null}},"7":{"start":{"line":32,"column":4},"end":{"line":34,"column":null}},"8":{"start":{"line":33,"column":6},"end":{"line":33,"column":null}},"9":{"start":{"line":39,"column":2},"end":{"line":42,"column":null}},"10":{"start":{"line":40,"column":4},"end":{"line":40,"column":null}},"11":{"start":{"line":41,"column":4},"end":{"line":41,"column":null}},"12":{"start":{"line":46,"column":19},"end":{"line":46,"column":null}},"13":{"start":{"line":47,"column":23},"end":{"line":47,"column":null}},"14":{"start":{"line":48,"column":2},"end":{"line":48,"column":null}},"15":{"start":{"line":52,"column":28},"end":{"line":52,"column":null}},"16":{"start":{"line":53,"column":18},"end":{"line":56,"column":null}},"17":{"start":{"line":58,"column":2},"end":{"line":63,"column":null}},"18":{"start":{"line":59,"column":31},"end":{"line":59,"column":null}},"19":{"start":{"line":60,"column":4},"end":{"line":62,"column":null}},"20":{"start":{"line":65,"column":2},"end":{"line":65,"column":null}},"21":{"start":{"line":69,"column":18},"end":{"line":73,"column":null}},"22":{"start":{"line":74,"column":2},"end":{"line":74,"column":null}},"23":{"start":{"line":78,"column":19},"end":{"line":85,"column":null}},"24":{"start":{"line":87,"column":16},"end":{"line":87,"column":null}},"25":{"start":{"line":88,"column":2},"end":{"line":88,"column":null}},"26":{"start":{"line":92,"column":2},"end":{"line":99,"column":null}},"27":{"start":{"line":103,"column":2},"end":{"line":108,"column":null}},"28":{"start":{"line":112,"column":30},"end":{"line":112,"column":null}},"29":{"start":{"line":114,"column":2},"end":{"line":118,"column":null}},"30":{"start":{"line":115,"column":4},"end":{"line":115,"column":null}},"31":{"start":{"line":116,"column":4},"end":{"line":116,"column":null}},"32":{"start":{"line":117,"column":4},"end":{"line":117,"column":null}},"33":{"start":{"line":120,"column":2},"end":{"line":120,"column":null}},"34":{"start":{"line":121,"column":2},"end":{"line":121,"column":null}},"35":{"start":{"line":123,"column":2},"end":{"line":123,"column":null}},"36":{"start":{"line":125,"column":2},"end":{"line":125,"column":null}},"37":{"start":{"line":140,"column":18},"end":{"line":144,"column":null}},"38":{"start":{"line":146,"column":2},"end":{"line":148,"column":null}},"39":{"start":{"line":147,"column":4},"end":{"line":147,"column":null}},"40":{"start":{"line":149,"column":2},"end":{"line":149,"column":null}},"41":{"start":{"line":153,"column":2},"end":{"line":156,"column":null}},"42":{"start":{"line":154,"column":4},"end":{"line":154,"column":null}},"43":{"start":{"line":155,"column":4},"end":{"line":155,"column":null}},"44":{"start":{"line":158,"column":2},"end":{"line":161,"column":null}},"45":{"start":{"line":159,"column":4},"end":{"line":159,"column":null}},"46":{"start":{"line":160,"column":4},"end":{"line":160,"column":null}},"47":{"start":{"line":163,"column":2},"end":{"line":166,"column":null}},"48":{"start":{"line":164,"column":4},"end":{"line":164,"column":null}},"49":{"start":{"line":165,"column":4},"end":{"line":165,"column":null}},"50":{"start":{"line":168,"column":2},"end":{"line":168,"column":null}},"51":{"start":{"line":172,"column":19},"end":{"line":172,"column":null}},"52":{"start":{"line":173,"column":23},"end":{"line":173,"column":null}},"53":{"start":{"line":175,"column":2},"end":{"line":178,"column":null}},"54":{"start":{"line":176,"column":4},"end":{"line":176,"column":null}},"55":{"start":{"line":177,"column":4},"end":{"line":177,"column":null}},"56":{"start":{"line":180,"column":2},"end":{"line":180,"column":null}},"57":{"start":{"line":184,"column":15},"end":{"line":184,"column":null}},"58":{"start":{"line":186,"column":25},"end":{"line":186,"column":null}},"59":{"start":{"line":187,"column":2},"end":{"line":191,"column":null}},"60":{"start":{"line":188,"column":4},"end":{"line":188,"column":null}},"61":{"start":{"line":189,"column":4},"end":{"line":189,"column":null}},"62":{"start":{"line":190,"column":4},"end":{"line":190,"column":null}},"63":{"start":{"line":193,"column":2},"end":{"line":193,"column":null}},"64":{"start":{"line":195,"column":17},"end":{"line":195,"column":null}},"65":{"start":{"line":196,"column":29},"end":{"line":196,"column":null}},"66":{"start":{"line":197,"column":2},"end":{"line":201,"column":null}},"67":{"start":{"line":198,"column":4},"end":{"line":198,"column":null}},"68":{"start":{"line":199,"column":4},"end":{"line":199,"column":null}},"69":{"start":{"line":200,"column":4},"end":{"line":200,"column":null}},"70":{"start":{"line":203,"column":32},"end":{"line":203,"column":null}},"71":{"start":{"line":204,"column":2},"end":{"line":208,"column":null}},"72":{"start":{"line":205,"column":4},"end":{"line":205,"column":null}},"73":{"start":{"line":206,"column":4},"end":{"line":206,"column":null}},"74":{"start":{"line":207,"column":4},"end":{"line":207,"column":null}},"75":{"start":{"line":210,"column":2},"end":{"line":210,"column":null}},"76":{"start":{"line":211,"column":2},"end":{"line":211,"column":null}},"77":{"start":{"line":212,"column":2},"end":{"line":212,"column":null}},"78":{"start":{"line":214,"column":2},"end":{"line":214,"column":null}},"79":{"start":{"line":216,"column":17},"end":{"line":216,"column":null}},"80":{"start":{"line":218,"column":2},"end":{"line":223,"column":null}},"81":{"start":{"line":219,"column":4},"end":{"line":219,"column":null}},"82":{"start":{"line":220,"column":4},"end":{"line":220,"column":null}},"83":{"start":{"line":221,"column":4},"end":{"line":221,"column":null}},"84":{"start":{"line":222,"column":4},"end":{"line":222,"column":null}},"85":{"start":{"line":225,"column":2},"end":{"line":225,"column":null}},"86":{"start":{"line":227,"column":2},"end":{"line":227,"column":null}},"87":{"start":{"line":228,"column":2},"end":{"line":232,"column":null}},"88":{"start":{"line":236,"column":22},"end":{"line":236,"column":null}},"89":{"start":{"line":238,"column":2},"end":{"line":242,"column":null}},"90":{"start":{"line":239,"column":4},"end":{"line":239,"column":null}},"91":{"start":{"line":240,"column":4},"end":{"line":240,"column":null}},"92":{"start":{"line":241,"column":4},"end":{"line":241,"column":null}},"93":{"start":{"line":244,"column":2},"end":{"line":244,"column":null}},"94":{"start":{"line":248,"column":28},"end":{"line":248,"column":null}},"95":{"start":{"line":250,"column":2},"end":{"line":254,"column":null}},"96":{"start":{"line":251,"column":4},"end":{"line":251,"column":null}},"97":{"start":{"line":252,"column":4},"end":{"line":252,"column":null}},"98":{"start":{"line":253,"column":4},"end":{"line":253,"column":null}},"99":{"start":{"line":256,"column":17},"end":{"line":256,"column":null}},"100":{"start":{"line":258,"column":2},"end":{"line":263,"column":null}},"101":{"start":{"line":259,"column":4},"end":{"line":259,"column":null}},"102":{"start":{"line":260,"column":4},"end":{"line":260,"column":null}},"103":{"start":{"line":261,"column":4},"end":{"line":261,"column":null}},"104":{"start":{"line":262,"column":4},"end":{"line":262,"column":null}},"105":{"start":{"line":265,"column":2},"end":{"line":265,"column":null}},"106":{"start":{"line":266,"column":2},"end":{"line":269,"column":null}},"107":{"start":{"line":273,"column":2},"end":{"line":273,"column":null}},"108":{"start":{"line":274,"column":2},"end":{"line":274,"column":null}},"109":{"start":{"line":278,"column":17},"end":{"line":278,"column":null}},"110":{"start":{"line":280,"column":2},"end":{"line":280,"column":null}},"111":{"start":{"line":281,"column":2},"end":{"line":281,"column":null}},"112":{"start":{"line":282,"column":2},"end":{"line":282,"column":null}},"113":{"start":{"line":283,"column":2},"end":{"line":283,"column":null}},"114":{"start":{"line":284,"column":2},"end":{"line":284,"column":null}},"115":{"start":{"line":286,"column":2},"end":{"line":286,"column":null}}},"fnMap":{"0":{"name":"cleanupExpiredVerifiers","decl":{"start":{"line":29,"column":9},"end":{"line":29,"column":35}},"loc":{"start":{"line":29,"column":35},"end":{"line":36,"column":null}},"line":29},"1":{"name":"scheduleVerifierCleanup","decl":{"start":{"line":38,"column":9},"end":{"line":38,"column":33}},"loc":{"start":{"line":38,"column":48},"end":{"line":43,"column":null}},"line":38},"2":{"name":"(anonymous_2)","decl":{"start":{"line":39,"column":13},"end":{"line":39,"column":19}},"loc":{"start":{"line":39,"column":19},"end":{"line":42,"column":5}},"line":39},"3":{"name":"buildAuthHeader","decl":{"start":{"line":45,"column":9},"end":{"line":45,"column":35}},"loc":{"start":{"line":45,"column":35},"end":{"line":49,"column":null}},"line":45},"4":{"name":"setAuthCookies","decl":{"start":{"line":51,"column":9},"end":{"line":51,"column":24}},"loc":{"start":{"line":51,"column":95},"end":{"line":66,"column":null}},"line":51},"5":{"name":"clearAuthCookies","decl":{"start":{"line":68,"column":9},"end":{"line":68,"column":26}},"loc":{"start":{"line":68,"column":53},"end":{"line":75,"column":null}},"line":68},"6":{"name":"requestSpotifyToken","decl":{"start":{"line":77,"column":15},"end":{"line":77,"column":35}},"loc":{"start":{"line":77,"column":60},"end":{"line":89,"column":null}},"line":77},"7":{"name":"exchangeCodeForToken","decl":{"start":{"line":91,"column":9},"end":{"line":91,"column":30}},"loc":{"start":{"line":91,"column":87},"end":{"line":100,"column":null}},"line":91},"8":{"name":"refreshAccessToken","decl":{"start":{"line":102,"column":9},"end":{"line":102,"column":28}},"loc":{"start":{"line":102,"column":50},"end":{"line":109,"column":null}},"line":102},"9":{"name":"storeVerifier","decl":{"start":{"line":111,"column":15},"end":{"line":111,"column":29}},"loc":{"start":{"line":111,"column":56},"end":{"line":126,"column":null}},"line":111},"10":{"name":"validateExchangeRequest","decl":{"start":{"line":139,"column":9},"end":{"line":139,"column":33}},"loc":{"start":{"line":139,"column":74},"end":{"line":150,"column":null}},"line":139},"11":{"name":"validateVerifier","decl":{"start":{"line":152,"column":9},"end":{"line":152,"column":26}},"loc":{"start":{"line":152,"column":93},"end":{"line":169,"column":null}},"line":152},"12":{"name":"validateCredentials","decl":{"start":{"line":171,"column":9},"end":{"line":171,"column":49}},"loc":{"start":{"line":171,"column":49},"end":{"line":181,"column":null}},"line":171},"13":{"name":"exchangeToken","decl":{"start":{"line":183,"column":15},"end":{"line":183,"column":29}},"loc":{"start":{"line":183,"column":56},"end":{"line":233,"column":null}},"line":183},"14":{"name":"getToken","decl":{"start":{"line":235,"column":15},"end":{"line":235,"column":24}},"loc":{"start":{"line":235,"column":51},"end":{"line":245,"column":null}},"line":235},"15":{"name":"refreshToken","decl":{"start":{"line":247,"column":15},"end":{"line":247,"column":28}},"loc":{"start":{"line":247,"column":55},"end":{"line":270,"column":null}},"line":247},"16":{"name":"logout","decl":{"start":{"line":272,"column":15},"end":{"line":272,"column":22}},"loc":{"start":{"line":272,"column":49},"end":{"line":275,"column":null}},"line":272},"17":{"name":"authMiddleware","decl":{"start":{"line":277,"column":16},"end":{"line":277,"column":52}},"loc":{"start":{"line":277,"column":52},"end":{"line":287,"column":null}},"line":277}},"branchMap":{"0":{"loc":{"start":{"line":32,"column":4},"end":{"line":34,"column":null}},"type":"if","locations":[{"start":{"line":32,"column":4},"end":{"line":34,"column":null}},{"start":{},"end":{}}],"line":32},"1":{"loc":{"start":{"line":51,"column":72},"end":{"line":51,"column":95}},"type":"default-arg","locations":[{"start":{"line":51,"column":89},"end":{"line":51,"column":95}}],"line":51},"2":{"loc":{"start":{"line":52,"column":51},"end":{"line":52,"column":78}},"type":"binary-expr","locations":[{"start":{"line":52,"column":51},"end":{"line":52,"column":70}},{"start":{"line":52,"column":70},"end":{"line":52,"column":78}}],"line":52},"3":{"loc":{"start":{"line":58,"column":2},"end":{"line":63,"column":null}},"type":"if","locations":[{"start":{"line":58,"column":2},"end":{"line":63,"column":null}},{"start":{},"end":{}}],"line":58},"4":{"loc":{"start":{"line":58,"column":6},"end":{"line":58,"column":44}},"type":"binary-expr","locations":[{"start":{"line":58,"column":6},"end":{"line":58,"column":24}},{"start":{"line":58,"column":24},"end":{"line":58,"column":44}}],"line":58},"5":{"loc":{"start":{"line":114,"column":2},"end":{"line":118,"column":null}},"type":"if","locations":[{"start":{"line":114,"column":2},"end":{"line":118,"column":null}},{"start":{},"end":{}}],"line":114},"6":{"loc":{"start":{"line":114,"column":6},"end":{"line":114,"column":27}},"type":"binary-expr","locations":[{"start":{"line":114,"column":6},"end":{"line":114,"column":19}},{"start":{"line":114,"column":19},"end":{"line":114,"column":27}}],"line":114},"7":{"loc":{"start":{"line":141,"column":4},"end":{"line":141,"column":null}},"type":"binary-expr","locations":[{"start":{"line":141,"column":4},"end":{"line":141,"column":18}},{"start":{"line":141,"column":18},"end":{"line":141,"column":null}}],"line":141},"8":{"loc":{"start":{"line":142,"column":4},"end":{"line":142,"column":null}},"type":"binary-expr","locations":[{"start":{"line":142,"column":4},"end":{"line":142,"column":26}},{"start":{"line":142,"column":26},"end":{"line":142,"column":null}}],"line":142},"9":{"loc":{"start":{"line":143,"column":4},"end":{"line":143,"column":null}},"type":"binary-expr","locations":[{"start":{"line":143,"column":4},"end":{"line":143,"column":19}},{"start":{"line":143,"column":19},"end":{"line":143,"column":null}}],"line":143},"10":{"loc":{"start":{"line":146,"column":2},"end":{"line":148,"column":null}},"type":"if","locations":[{"start":{"line":146,"column":2},"end":{"line":148,"column":null}},{"start":{},"end":{}}],"line":146},"11":{"loc":{"start":{"line":153,"column":2},"end":{"line":156,"column":null}},"type":"if","locations":[{"start":{"line":153,"column":2},"end":{"line":156,"column":null}},{"start":{},"end":{}}],"line":153},"12":{"loc":{"start":{"line":158,"column":2},"end":{"line":161,"column":null}},"type":"if","locations":[{"start":{"line":158,"column":2},"end":{"line":161,"column":null}},{"start":{},"end":{}}],"line":158},"13":{"loc":{"start":{"line":163,"column":2},"end":{"line":166,"column":null}},"type":"if","locations":[{"start":{"line":163,"column":2},"end":{"line":166,"column":null}},{"start":{},"end":{}}],"line":163},"14":{"loc":{"start":{"line":175,"column":2},"end":{"line":178,"column":null}},"type":"if","locations":[{"start":{"line":175,"column":2},"end":{"line":178,"column":null}},{"start":{},"end":{}}],"line":175},"15":{"loc":{"start":{"line":175,"column":6},"end":{"line":175,"column":34}},"type":"binary-expr","locations":[{"start":{"line":175,"column":6},"end":{"line":175,"column":19}},{"start":{"line":175,"column":19},"end":{"line":175,"column":34}}],"line":175},"16":{"loc":{"start":{"line":187,"column":2},"end":{"line":191,"column":null}},"type":"if","locations":[{"start":{"line":187,"column":2},"end":{"line":191,"column":null}},{"start":{},"end":{}}],"line":187},"17":{"loc":{"start":{"line":197,"column":2},"end":{"line":201,"column":null}},"type":"if","locations":[{"start":{"line":197,"column":2},"end":{"line":201,"column":null}},{"start":{},"end":{}}],"line":197},"18":{"loc":{"start":{"line":204,"column":2},"end":{"line":208,"column":null}},"type":"if","locations":[{"start":{"line":204,"column":2},"end":{"line":208,"column":null}},{"start":{},"end":{}}],"line":204},"19":{"loc":{"start":{"line":218,"column":2},"end":{"line":223,"column":null}},"type":"if","locations":[{"start":{"line":218,"column":2},"end":{"line":223,"column":null}},{"start":{},"end":{}}],"line":218},"20":{"loc":{"start":{"line":238,"column":2},"end":{"line":242,"column":null}},"type":"if","locations":[{"start":{"line":238,"column":2},"end":{"line":242,"column":null}},{"start":{},"end":{}}],"line":238},"21":{"loc":{"start":{"line":250,"column":2},"end":{"line":254,"column":null}},"type":"if","locations":[{"start":{"line":250,"column":2},"end":{"line":254,"column":null}},{"start":{},"end":{}}],"line":250},"22":{"loc":{"start":{"line":258,"column":2},"end":{"line":263,"column":null}},"type":"if","locations":[{"start":{"line":258,"column":2},"end":{"line":263,"column":null}},{"start":{},"end":{}}],"line":258}},"s":{"0":13,"1":13,"2":13,"3":13,"4":13,"5":4,"6":4,"7":4,"8":0,"9":3,"10":0,"11":0,"12":5,"13":5,"14":5,"15":3,"16":3,"17":3,"18":1,"19":1,"20":3,"21":1,"22":1,"23":5,"24":5,"25":5,"26":3,"27":2,"28":5,"29":5,"30":1,"31":1,"32":1,"33":4,"34":4,"35":4,"36":4,"37":6,"38":6,"39":1,"40":5,"41":5,"42":1,"43":1,"44":4,"45":1,"46":1,"47":3,"48":0,"49":0,"50":3,"51":3,"52":3,"53":3,"54":0,"55":0,"56":3,"57":6,"58":6,"59":6,"60":1,"61":1,"62":1,"63":5,"64":5,"65":5,"66":5,"67":2,"68":2,"69":2,"70":3,"71":3,"72":0,"73":0,"74":0,"75":3,"76":3,"77":3,"78":3,"79":3,"80":3,"81":1,"82":1,"83":1,"84":1,"85":2,"86":2,"87":2,"88":2,"89":2,"90":1,"91":1,"92":1,"93":1,"94":3,"95":3,"96":1,"97":1,"98":1,"99":2,"100":2,"101":1,"102":1,"103":1,"104":1,"105":1,"106":1,"107":1,"108":1,"109":13,"110":13,"111":13,"112":13,"113":13,"114":13,"115":13},"f":{"0":4,"1":3,"2":0,"3":5,"4":3,"5":1,"6":5,"7":3,"8":2,"9":5,"10":6,"11":5,"12":3,"13":6,"14":2,"15":3,"16":1,"17":13},"b":{"0":[0,4],"1":[3],"2":[3,0],"3":[1,2],"4":[3,2],"5":[1,4],"6":[5,5],"7":[6,0],"8":[6,1],"9":[6,1],"10":[1,5],"11":[1,4],"12":[1,3],"13":[0,3],"14":[0,3],"15":[3,3],"16":[1,5],"17":[2,3],"18":[0,3],"19":[1,2],"20":[1,1],"21":[1,2],"22":[1,1]},"meta":{"lastBranch":23,"lastFunction":18,"lastStatement":116,"seen":{"s:22:26:22:Infinity":0,"s:23:27:23:Infinity":1,"s:24:33:24:Infinity":2,"s:25:34:25:Infinity":3,"s:27:22:27:Infinity":4,"f:29:9:29:35":0,"s:30:14:30:Infinity":5,"s:31:2:35:Infinity":6,"b:32:4:34:Infinity:undefined:undefined:undefined:undefined":0,"s:32:4:34:Infinity":7,"s:33:6:33:Infinity":8,"f:38:9:38:33":1,"s:39:2:42:Infinity":9,"f:39:13:39:19":2,"s:40:4:40:Infinity":10,"s:41:4:41:Infinity":11,"f:45:9:45:35":3,"s:46:19:46:Infinity":12,"s:47:23:47:Infinity":13,"s:48:2:48:Infinity":14,"f:51:9:51:24":4,"b:51:89:51:95":1,"s:52:28:52:Infinity":15,"b:52:51:52:70:52:70:52:78":2,"s:53:18:56:Infinity":16,"b:58:2:63:Infinity:undefined:undefined:undefined:undefined":3,"s:58:2:63:Infinity":17,"b:58:6:58:24:58:24:58:44":4,"s:59:31:59:Infinity":18,"s:60:4:62:Infinity":19,"s:65:2:65:Infinity":20,"f:68:9:68:26":5,"s:69:18:73:Infinity":21,"s:74:2:74:Infinity":22,"f:77:15:77:35":6,"s:78:19:85:Infinity":23,"s:87:16:87:Infinity":24,"s:88:2:88:Infinity":25,"f:91:9:91:30":7,"s:92:2:99:Infinity":26,"f:102:9:102:28":8,"s:103:2:108:Infinity":27,"f:111:15:111:29":9,"s:112:30:112:Infinity":28,"b:114:2:118:Infinity:undefined:undefined:undefined:undefined":5,"s:114:2:118:Infinity":29,"b:114:6:114:19:114:19:114:27":6,"s:115:4:115:Infinity":30,"s:116:4:116:Infinity":31,"s:117:4:117:Infinity":32,"s:120:2:120:Infinity":33,"s:121:2:121:Infinity":34,"s:123:2:123:Infinity":35,"s:125:2:125:Infinity":36,"f:139:9:139:33":10,"s:140:18:144:Infinity":37,"b:141:4:141:18:141:18:141:Infinity":7,"b:142:4:142:26:142:26:142:Infinity":8,"b:143:4:143:19:143:19:143:Infinity":9,"b:146:2:148:Infinity:undefined:undefined:undefined:undefined":10,"s:146:2:148:Infinity":38,"s:147:4:147:Infinity":39,"s:149:2:149:Infinity":40,"f:152:9:152:26":11,"b:153:2:156:Infinity:undefined:undefined:undefined:undefined":11,"s:153:2:156:Infinity":41,"s:154:4:154:Infinity":42,"s:155:4:155:Infinity":43,"b:158:2:161:Infinity:undefined:undefined:undefined:undefined":12,"s:158:2:161:Infinity":44,"s:159:4:159:Infinity":45,"s:160:4:160:Infinity":46,"b:163:2:166:Infinity:undefined:undefined:undefined:undefined":13,"s:163:2:166:Infinity":47,"s:164:4:164:Infinity":48,"s:165:4:165:Infinity":49,"s:168:2:168:Infinity":50,"f:171:9:171:49":12,"s:172:19:172:Infinity":51,"s:173:23:173:Infinity":52,"b:175:2:178:Infinity:undefined:undefined:undefined:undefined":14,"s:175:2:178:Infinity":53,"b:175:6:175:19:175:19:175:34":15,"s:176:4:176:Infinity":54,"s:177:4:177:Infinity":55,"s:180:2:180:Infinity":56,"f:183:15:183:29":13,"s:184:15:184:Infinity":57,"s:186:25:186:Infinity":58,"b:187:2:191:Infinity:undefined:undefined:undefined:undefined":16,"s:187:2:191:Infinity":59,"s:188:4:188:Infinity":60,"s:189:4:189:Infinity":61,"s:190:4:190:Infinity":62,"s:193:2:193:Infinity":63,"s:195:17:195:Infinity":64,"s:196:29:196:Infinity":65,"b:197:2:201:Infinity:undefined:undefined:undefined:undefined":17,"s:197:2:201:Infinity":66,"s:198:4:198:Infinity":67,"s:199:4:199:Infinity":68,"s:200:4:200:Infinity":69,"s:203:32:203:Infinity":70,"b:204:2:208:Infinity:undefined:undefined:undefined:undefined":18,"s:204:2:208:Infinity":71,"s:205:4:205:Infinity":72,"s:206:4:206:Infinity":73,"s:207:4:207:Infinity":74,"s:210:2:210:Infinity":75,"s:211:2:211:Infinity":76,"s:212:2:212:Infinity":77,"s:214:2:214:Infinity":78,"s:216:17:216:Infinity":79,"b:218:2:223:Infinity:undefined:undefined:undefined:undefined":19,"s:218:2:223:Infinity":80,"s:219:4:219:Infinity":81,"s:220:4:220:Infinity":82,"s:221:4:221:Infinity":83,"s:222:4:222:Infinity":84,"s:225:2:225:Infinity":85,"s:227:2:227:Infinity":86,"s:228:2:232:Infinity":87,"f:235:15:235:24":14,"s:236:22:236:Infinity":88,"b:238:2:242:Infinity:undefined:undefined:undefined:undefined":20,"s:238:2:242:Infinity":89,"s:239:4:239:Infinity":90,"s:240:4:240:Infinity":91,"s:241:4:241:Infinity":92,"s:244:2:244:Infinity":93,"f:247:15:247:28":15,"s:248:28:248:Infinity":94,"b:250:2:254:Infinity:undefined:undefined:undefined:undefined":21,"s:250:2:254:Infinity":95,"s:251:4:251:Infinity":96,"s:252:4:252:Infinity":97,"s:253:4:253:Infinity":98,"s:256:17:256:Infinity":99,"b:258:2:263:Infinity:undefined:undefined:undefined:undefined":22,"s:258:2:263:Infinity":100,"s:259:4:259:Infinity":101,"s:260:4:260:Infinity":102,"s:261:4:261:Infinity":103,"s:262:4:262:Infinity":104,"s:265:2:265:Infinity":105,"s:266:2:269:Infinity":106,"f:272:15:272:22":16,"s:273:2:273:Infinity":107,"s:274:2:274:Infinity":108,"f:277:16:277:52":17,"s:278:17:278:Infinity":109,"s:280:2:280:Infinity":110,"s:281:2:281:Infinity":111,"s:282:2:282:Infinity":112,"s:283:2:283:Infinity":113,"s:284:2:284:Infinity":114,"s:286:2:286:Infinity":115},"fnNames":{}}}
,"/Users/cln/src/wejay-2025/src/middleware/queue.ts": {"path":"/Users/cln/src/wejay-2025/src/middleware/queue.ts","statementMap":{"0":{"start":{"line":4,"column":14},"end":{"line":7,"column":null}},"1":{"start":{"line":20,"column":15},"end":{"line":20,"column":null}},"2":{"start":{"line":21,"column":2},"end":{"line":21,"column":null}},"3":{"start":{"line":25,"column":2},"end":{"line":25,"column":null}},"4":{"start":{"line":29,"column":29},"end":{"line":29,"column":null}},"5":{"start":{"line":31,"column":18},"end":{"line":31,"column":null}},"6":{"start":{"line":32,"column":2},"end":{"line":32,"column":null}},"7":{"start":{"line":32,"column":36},"end":{"line":32,"column":53}},"8":{"start":{"line":36,"column":29},"end":{"line":36,"column":null}},"9":{"start":{"line":37,"column":18},"end":{"line":37,"column":null}},"10":{"start":{"line":38,"column":15},"end":{"line":38,"column":null}},"11":{"start":{"line":40,"column":45},"end":{"line":40,"column":null}},"12":{"start":{"line":42,"column":2},"end":{"line":46,"column":null}},"13":{"start":{"line":43,"column":18},"end":{"line":43,"column":null}},"14":{"start":{"line":44,"column":20},"end":{"line":44,"column":null}},"15":{"start":{"line":45,"column":4},"end":{"line":45,"column":null}},"16":{"start":{"line":48,"column":2},"end":{"line":48,"column":null}},"17":{"start":{"line":60,"column":2},"end":{"line":60,"column":null}},"18":{"start":{"line":60,"column":21},"end":{"line":60,"column":null}},"19":{"start":{"line":61,"column":2},"end":{"line":61,"column":null}},"20":{"start":{"line":61,"column":20},"end":{"line":61,"column":null}},"21":{"start":{"line":62,"column":2},"end":{"line":62,"column":null}},"22":{"start":{"line":62,"column":23},"end":{"line":62,"column":null}},"23":{"start":{"line":63,"column":2},"end":{"line":63,"column":null}},"24":{"start":{"line":67,"column":2},"end":{"line":69,"column":null}},"25":{"start":{"line":68,"column":4},"end":{"line":68,"column":null}},"26":{"start":{"line":70,"column":2},"end":{"line":70,"column":null}},"27":{"start":{"line":74,"column":21},"end":{"line":74,"column":null}},"28":{"start":{"line":75,"column":15},"end":{"line":75,"column":null}},"29":{"start":{"line":77,"column":26},"end":{"line":77,"column":null}},"30":{"start":{"line":78,"column":2},"end":{"line":82,"column":null}},"31":{"start":{"line":79,"column":4},"end":{"line":79,"column":null}},"32":{"start":{"line":80,"column":4},"end":{"line":80,"column":null}},"33":{"start":{"line":81,"column":4},"end":{"line":81,"column":null}},"34":{"start":{"line":84,"column":16},"end":{"line":84,"column":null}},"35":{"start":{"line":85,"column":21},"end":{"line":85,"column":null}},"36":{"start":{"line":85,"column":51},"end":{"line":85,"column":72}},"37":{"start":{"line":87,"column":2},"end":{"line":91,"column":null}},"38":{"start":{"line":88,"column":4},"end":{"line":88,"column":null}},"39":{"start":{"line":89,"column":4},"end":{"line":89,"column":null}},"40":{"start":{"line":90,"column":4},"end":{"line":90,"column":null}},"41":{"start":{"line":93,"column":16},"end":{"line":93,"column":null}},"42":{"start":{"line":95,"column":2},"end":{"line":99,"column":null}},"43":{"start":{"line":96,"column":4},"end":{"line":96,"column":null}},"44":{"start":{"line":97,"column":4},"end":{"line":97,"column":null}},"45":{"start":{"line":98,"column":4},"end":{"line":98,"column":null}},"46":{"start":{"line":101,"column":2},"end":{"line":105,"column":null}},"47":{"start":{"line":102,"column":4},"end":{"line":102,"column":null}},"48":{"start":{"line":103,"column":4},"end":{"line":103,"column":null}},"49":{"start":{"line":104,"column":4},"end":{"line":104,"column":null}},"50":{"start":{"line":107,"column":19},"end":{"line":107,"column":null}},"51":{"start":{"line":109,"column":2},"end":{"line":112,"column":null}},"52":{"start":{"line":110,"column":4},"end":{"line":110,"column":null}},"53":{"start":{"line":111,"column":4},"end":{"line":111,"column":null}},"54":{"start":{"line":114,"column":2},"end":{"line":114,"column":null}},"55":{"start":{"line":115,"column":2},"end":{"line":115,"column":null}},"56":{"start":{"line":117,"column":2},"end":{"line":117,"column":null}},"57":{"start":{"line":119,"column":2},"end":{"line":119,"column":null}},"58":{"start":{"line":120,"column":2},"end":{"line":120,"column":null}},"59":{"start":{"line":124,"column":17},"end":{"line":124,"column":null}},"60":{"start":{"line":126,"column":2},"end":{"line":126,"column":null}},"61":{"start":{"line":127,"column":2},"end":{"line":127,"column":null}},"62":{"start":{"line":128,"column":2},"end":{"line":128,"column":null}},"63":{"start":{"line":130,"column":2},"end":{"line":130,"column":null}}},"fnMap":{"0":{"name":"getQueue","decl":{"start":{"line":19,"column":15},"end":{"line":19,"column":24}},"loc":{"start":{"line":19,"column":56},"end":{"line":22,"column":null}},"line":19},"1":{"name":"saveQueue","decl":{"start":{"line":24,"column":15},"end":{"line":24,"column":25}},"loc":{"start":{"line":24,"column":70},"end":{"line":26,"column":null}},"line":24},"2":{"name":"getHistory","decl":{"start":{"line":28,"column":15},"end":{"line":28,"column":26}},"loc":{"start":{"line":28,"column":53},"end":{"line":33,"column":null}},"line":28},"3":{"name":"(anonymous_3)","decl":{"start":{"line":32,"column":25},"end":{"line":32,"column":26}},"loc":{"start":{"line":32,"column":36},"end":{"line":32,"column":53}},"line":32},"4":{"name":"getPlayCounts","decl":{"start":{"line":35,"column":15},"end":{"line":35,"column":29}},"loc":{"start":{"line":35,"column":56},"end":{"line":49,"column":null}},"line":35},"5":{"name":"validateMoveRequest","decl":{"start":{"line":59,"column":9},"end":{"line":59,"column":29}},"loc":{"start":{"line":59,"column":63},"end":{"line":64,"column":null}},"line":59},"6":{"name":"calculateNewIndex","decl":{"start":{"line":66,"column":9},"end":{"line":66,"column":27}},"loc":{"start":{"line":66,"column":100},"end":{"line":71,"column":null}},"line":66},"7":{"name":"moveTrack","decl":{"start":{"line":73,"column":15},"end":{"line":73,"column":25}},"loc":{"start":{"line":73,"column":52},"end":{"line":121,"column":null}},"line":73},"8":{"name":"(anonymous_8)","decl":{"start":{"line":85,"column":44},"end":{"line":85,"column":45}},"loc":{"start":{"line":85,"column":51},"end":{"line":85,"column":72}},"line":85},"9":{"name":"queueApiMiddleware","decl":{"start":{"line":123,"column":16},"end":{"line":123,"column":56}},"loc":{"start":{"line":123,"column":56},"end":{"line":131,"column":null}},"line":123}},"branchMap":{"0":{"loc":{"start":{"line":5,"column":8},"end":{"line":5,"column":null}},"type":"binary-expr","locations":[{"start":{"line":5,"column":8},"end":{"line":5,"column":34}},{"start":{"line":5,"column":34},"end":{"line":5,"column":null}}],"line":5},"1":{"loc":{"start":{"line":6,"column":17},"end":{"line":6,"column":49}},"type":"binary-expr","locations":[{"start":{"line":6,"column":17},"end":{"line":6,"column":43}},{"start":{"line":6,"column":43},"end":{"line":6,"column":49}}],"line":6},"2":{"loc":{"start":{"line":21,"column":9},"end":{"line":21,"column":null}},"type":"cond-expr","locations":[{"start":{"line":21,"column":16},"end":{"line":21,"column":35}},{"start":{"line":21,"column":35},"end":{"line":21,"column":null}}],"line":21},"3":{"loc":{"start":{"line":45,"column":35},"end":{"line":45,"column":49}},"type":"binary-expr","locations":[{"start":{"line":45,"column":35},"end":{"line":45,"column":44}},{"start":{"line":45,"column":44},"end":{"line":45,"column":49}}],"line":45},"4":{"loc":{"start":{"line":60,"column":2},"end":{"line":60,"column":null}},"type":"if","locations":[{"start":{"line":60,"column":2},"end":{"line":60,"column":null}},{"start":{},"end":{}}],"line":60},"5":{"loc":{"start":{"line":61,"column":2},"end":{"line":61,"column":null}},"type":"if","locations":[{"start":{"line":61,"column":2},"end":{"line":61,"column":null}},{"start":{},"end":{}}],"line":61},"6":{"loc":{"start":{"line":62,"column":2},"end":{"line":62,"column":null}},"type":"if","locations":[{"start":{"line":62,"column":2},"end":{"line":62,"column":null}},{"start":{},"end":{}}],"line":62},"7":{"loc":{"start":{"line":67,"column":2},"end":{"line":69,"column":null}},"type":"if","locations":[{"start":{"line":67,"column":2},"end":{"line":69,"column":null}},{"start":{},"end":{}}],"line":67},"8":{"loc":{"start":{"line":78,"column":2},"end":{"line":82,"column":null}},"type":"if","locations":[{"start":{"line":78,"column":2},"end":{"line":82,"column":null}},{"start":{},"end":{}}],"line":78},"9":{"loc":{"start":{"line":87,"column":2},"end":{"line":91,"column":null}},"type":"if","locations":[{"start":{"line":87,"column":2},"end":{"line":91,"column":null}},{"start":{},"end":{}}],"line":87},"10":{"loc":{"start":{"line":95,"column":2},"end":{"line":99,"column":null}},"type":"if","locations":[{"start":{"line":95,"column":2},"end":{"line":99,"column":null}},{"start":{},"end":{}}],"line":95},"11":{"loc":{"start":{"line":101,"column":2},"end":{"line":105,"column":null}},"type":"if","locations":[{"start":{"line":101,"column":2},"end":{"line":105,"column":null}},{"start":{},"end":{}}],"line":101},"12":{"loc":{"start":{"line":109,"column":2},"end":{"line":112,"column":null}},"type":"if","locations":[{"start":{"line":109,"column":2},"end":{"line":112,"column":null}},{"start":{},"end":{}}],"line":109}},"s":{"0":1,"1":6,"2":6,"3":2,"4":2,"5":2,"6":2,"7":2,"8":2,"9":2,"10":2,"11":2,"12":2,"13":2,"14":2,"15":2,"16":2,"17":7,"18":1,"19":6,"20":0,"21":6,"22":0,"23":6,"24":3,"25":2,"26":1,"27":7,"28":7,"29":7,"30":7,"31":1,"32":1,"33":1,"34":6,"35":6,"36":9,"37":6,"38":1,"39":1,"40":1,"41":5,"42":5,"43":1,"44":1,"45":1,"46":4,"47":1,"48":1,"49":1,"50":3,"51":3,"52":1,"53":1,"54":2,"55":2,"56":2,"57":2,"58":2,"59":11,"60":11,"61":11,"62":11,"63":11},"f":{"0":6,"1":2,"2":2,"3":2,"4":2,"5":7,"6":3,"7":7,"8":9,"9":11},"b":{"0":[1,1],"1":[1,1],"2":[6,0],"3":[2,0],"4":[1,6],"5":[0,6],"6":[0,6],"7":[2,1],"8":[1,6],"9":[1,5],"10":[1,4],"11":[1,3],"12":[1,2]},"meta":{"lastBranch":13,"lastFunction":10,"lastStatement":64,"seen":{"s:4:14:7:Infinity":0,"b:5:8:5:34:5:34:5:Infinity":0,"b:6:17:6:43:6:43:6:49":1,"f:19:15:19:24":0,"s:20:15:20:Infinity":1,"s:21:2:21:Infinity":2,"b:21:16:21:35:21:35:21:Infinity":2,"f:24:15:24:25":1,"s:25:2:25:Infinity":3,"f:28:15:28:26":2,"s:29:29:29:Infinity":4,"s:31:18:31:Infinity":5,"s:32:2:32:Infinity":6,"f:32:25:32:26":3,"s:32:36:32:53":7,"f:35:15:35:29":4,"s:36:29:36:Infinity":8,"s:37:18:37:Infinity":9,"s:38:15:38:Infinity":10,"s:40:45:40:Infinity":11,"s:42:2:46:Infinity":12,"s:43:18:43:Infinity":13,"s:44:20:44:Infinity":14,"s:45:4:45:Infinity":15,"b:45:35:45:44:45:44:45:49":3,"s:48:2:48:Infinity":16,"f:59:9:59:29":5,"b:60:2:60:Infinity:undefined:undefined:undefined:undefined":4,"s:60:2:60:Infinity":17,"s:60:21:60:Infinity":18,"b:61:2:61:Infinity:undefined:undefined:undefined:undefined":5,"s:61:2:61:Infinity":19,"s:61:20:61:Infinity":20,"b:62:2:62:Infinity:undefined:undefined:undefined:undefined":6,"s:62:2:62:Infinity":21,"s:62:23:62:Infinity":22,"s:63:2:63:Infinity":23,"f:66:9:66:27":6,"b:67:2:69:Infinity:undefined:undefined:undefined:undefined":7,"s:67:2:69:Infinity":24,"s:68:4:68:Infinity":25,"s:70:2:70:Infinity":26,"f:73:15:73:25":7,"s:74:21:74:Infinity":27,"s:75:15:75:Infinity":28,"s:77:26:77:Infinity":29,"b:78:2:82:Infinity:undefined:undefined:undefined:undefined":8,"s:78:2:82:Infinity":30,"s:79:4:79:Infinity":31,"s:80:4:80:Infinity":32,"s:81:4:81:Infinity":33,"s:84:16:84:Infinity":34,"s:85:21:85:Infinity":35,"f:85:44:85:45":8,"s:85:51:85:72":36,"b:87:2:91:Infinity:undefined:undefined:undefined:undefined":9,"s:87:2:91:Infinity":37,"s:88:4:88:Infinity":38,"s:89:4:89:Infinity":39,"s:90:4:90:Infinity":40,"s:93:16:93:Infinity":41,"b:95:2:99:Infinity:undefined:undefined:undefined:undefined":10,"s:95:2:99:Infinity":42,"s:96:4:96:Infinity":43,"s:97:4:97:Infinity":44,"s:98:4:98:Infinity":45,"b:101:2:105:Infinity:undefined:undefined:undefined:undefined":11,"s:101:2:105:Infinity":46,"s:102:4:102:Infinity":47,"s:103:4:103:Infinity":48,"s:104:4:104:Infinity":49,"s:107:19:107:Infinity":50,"b:109:2:112:Infinity:undefined:undefined:undefined:undefined":12,"s:109:2:112:Infinity":51,"s:110:4:110:Infinity":52,"s:111:4:111:Infinity":53,"s:114:2:114:Infinity":54,"s:115:2:115:Infinity":55,"s:117:2:117:Infinity":56,"s:119:2:119:Infinity":57,"s:120:2:120:Infinity":58,"f:123:16:123:56":9,"s:124:17:124:Infinity":59,"s:126:2:126:Infinity":60,"s:127:2:127:Infinity":61,"s:128:2:128:Infinity":62,"s:130:2:130:Infinity":63},"fnNames":{}}}
,"/Users/cln/src/wejay-2025/src/middleware/rooms.ts": {"path":"/Users/cln/src/wejay-2025/src/middleware/rooms.ts","statementMap":{"0":{"start":{"line":15,"column":14},"end":{"line":25,"column":null}},"1":{"start":{"line":19,"column":4},"end":{"line":22,"column":null}},"2":{"start":{"line":20,"column":6},"end":{"line":20,"column":null}},"3":{"start":{"line":21,"column":6},"end":{"line":21,"column":null}},"4":{"start":{"line":23,"column":4},"end":{"line":23,"column":null}},"5":{"start":{"line":27,"column":0},"end":{"line":27,"column":null}},"6":{"start":{"line":27,"column":26},"end":{"line":27,"column":71}},"7":{"start":{"line":28,"column":0},"end":{"line":28,"column":null}},"8":{"start":{"line":28,"column":27},"end":{"line":28,"column":73}},"9":{"start":{"line":31,"column":15},"end":{"line":31,"column":null}},"10":{"start":{"line":32,"column":2},"end":{"line":32,"column":null}},"11":{"start":{"line":36,"column":2},"end":{"line":36,"column":null}},"12":{"start":{"line":40,"column":2},"end":{"line":45,"column":null}},"13":{"start":{"line":49,"column":15},"end":{"line":49,"column":null}},"14":{"start":{"line":50,"column":24},"end":{"line":50,"column":null}},"15":{"start":{"line":52,"column":2},"end":{"line":55,"column":null}},"16":{"start":{"line":53,"column":17},"end":{"line":53,"column":null}},"17":{"start":{"line":54,"column":4},"end":{"line":54,"column":null}},"18":{"start":{"line":54,"column":14},"end":{"line":54,"column":null}},"19":{"start":{"line":57,"column":2},"end":{"line":57,"column":null}},"20":{"start":{"line":61,"column":15},"end":{"line":61,"column":null}},"21":{"start":{"line":63,"column":2},"end":{"line":67,"column":null}},"22":{"start":{"line":64,"column":4},"end":{"line":64,"column":null}},"23":{"start":{"line":65,"column":4},"end":{"line":65,"column":null}},"24":{"start":{"line":66,"column":4},"end":{"line":66,"column":null}},"25":{"start":{"line":69,"column":2},"end":{"line":69,"column":null}},"26":{"start":{"line":73,"column":30},"end":{"line":73,"column":null}},"27":{"start":{"line":75,"column":2},"end":{"line":79,"column":null}},"28":{"start":{"line":76,"column":4},"end":{"line":76,"column":null}},"29":{"start":{"line":77,"column":4},"end":{"line":77,"column":null}},"30":{"start":{"line":78,"column":4},"end":{"line":78,"column":null}},"31":{"start":{"line":81,"column":17},"end":{"line":81,"column":null}},"32":{"start":{"line":82,"column":19},"end":{"line":82,"column":null}},"33":{"start":{"line":84,"column":2},"end":{"line":92,"column":null}},"34":{"start":{"line":85,"column":4},"end":{"line":88,"column":null}},"35":{"start":{"line":86,"column":6},"end":{"line":86,"column":null}},"36":{"start":{"line":87,"column":6},"end":{"line":87,"column":null}},"37":{"start":{"line":89,"column":4},"end":{"line":89,"column":null}},"38":{"start":{"line":90,"column":4},"end":{"line":90,"column":null}},"39":{"start":{"line":91,"column":4},"end":{"line":91,"column":null}},"40":{"start":{"line":94,"column":21},"end":{"line":101,"column":null}},"41":{"start":{"line":103,"column":2},"end":{"line":103,"column":null}},"42":{"start":{"line":104,"column":2},"end":{"line":104,"column":null}},"43":{"start":{"line":105,"column":2},"end":{"line":105,"column":null}},"44":{"start":{"line":106,"column":2},"end":{"line":106,"column":null}},"45":{"start":{"line":112,"column":21},"end":{"line":112,"column":null}},"46":{"start":{"line":114,"column":2},"end":{"line":118,"column":null}},"47":{"start":{"line":115,"column":4},"end":{"line":115,"column":null}},"48":{"start":{"line":116,"column":4},"end":{"line":116,"column":null}},"49":{"start":{"line":117,"column":4},"end":{"line":117,"column":null}},"50":{"start":{"line":120,"column":15},"end":{"line":120,"column":null}},"51":{"start":{"line":122,"column":2},"end":{"line":126,"column":null}},"52":{"start":{"line":123,"column":4},"end":{"line":123,"column":null}},"53":{"start":{"line":124,"column":4},"end":{"line":124,"column":null}},"54":{"start":{"line":125,"column":4},"end":{"line":125,"column":null}},"55":{"start":{"line":128,"column":2},"end":{"line":137,"column":null}},"56":{"start":{"line":129,"column":4},"end":{"line":132,"column":null}},"57":{"start":{"line":130,"column":6},"end":{"line":130,"column":null}},"58":{"start":{"line":131,"column":6},"end":{"line":131,"column":null}},"59":{"start":{"line":134,"column":4},"end":{"line":134,"column":null}},"60":{"start":{"line":134,"column":42},"end":{"line":134,"column":54}},"61":{"start":{"line":135,"column":4},"end":{"line":135,"column":null}},"62":{"start":{"line":135,"column":33},"end":{"line":135,"column":null}},"63":{"start":{"line":136,"column":4},"end":{"line":136,"column":null}},"64":{"start":{"line":139,"column":2},"end":{"line":139,"column":null}},"65":{"start":{"line":140,"column":2},"end":{"line":140,"column":null}},"66":{"start":{"line":143,"column":17},"end":{"line":143,"column":null}},"67":{"start":{"line":143,"column":48},"end":{"line":143,"column":null}},"68":{"start":{"line":144,"column":18},"end":{"line":144,"column":null}},"69":{"start":{"line":144,"column":49},"end":{"line":144,"column":null}},"70":{"start":{"line":146,"column":20},"end":{"line":146,"column":null}},"71":{"start":{"line":158,"column":14},"end":{"line":165,"column":null}},"72":{"start":{"line":167,"column":2},"end":{"line":171,"column":null}},"73":{"start":{"line":168,"column":17},"end":{"line":168,"column":null}},"74":{"start":{"line":169,"column":4},"end":{"line":169,"column":null}},"75":{"start":{"line":170,"column":4},"end":{"line":170,"column":null}},"76":{"start":{"line":173,"column":2},"end":{"line":173,"column":null}},"77":{"start":{"line":177,"column":2},"end":{"line":177,"column":null}},"78":{"start":{"line":181,"column":2},"end":{"line":188,"column":null}},"79":{"start":{"line":192,"column":20},"end":{"line":192,"column":null}},"80":{"start":{"line":193,"column":2},"end":{"line":193,"column":null}},"81":{"start":{"line":193,"column":18},"end":{"line":193,"column":null}},"82":{"start":{"line":195,"column":16},"end":{"line":195,"column":null}},"83":{"start":{"line":196,"column":2},"end":{"line":196,"column":null}},"84":{"start":{"line":196,"column":29},"end":{"line":196,"column":null}},"85":{"start":{"line":198,"column":15},"end":{"line":198,"column":null}},"86":{"start":{"line":198,"column":62},"end":{"line":198,"column":92}},"87":{"start":{"line":200,"column":2},"end":{"line":207,"column":null}},"88":{"start":{"line":209,"column":2},"end":{"line":209,"column":null}},"89":{"start":{"line":213,"column":26},"end":{"line":213,"column":null}},"90":{"start":{"line":215,"column":2},"end":{"line":219,"column":null}},"91":{"start":{"line":216,"column":4},"end":{"line":216,"column":null}},"92":{"start":{"line":217,"column":4},"end":{"line":217,"column":null}},"93":{"start":{"line":218,"column":4},"end":{"line":218,"column":null}},"94":{"start":{"line":221,"column":15},"end":{"line":221,"column":null}},"95":{"start":{"line":223,"column":2},"end":{"line":227,"column":null}},"96":{"start":{"line":224,"column":4},"end":{"line":224,"column":null}},"97":{"start":{"line":225,"column":4},"end":{"line":225,"column":null}},"98":{"start":{"line":226,"column":4},"end":{"line":226,"column":null}},"99":{"start":{"line":229,"column":2},"end":{"line":236,"column":null}},"100":{"start":{"line":230,"column":4},"end":{"line":234,"column":null}},"101":{"start":{"line":235,"column":4},"end":{"line":235,"column":null}},"102":{"start":{"line":238,"column":2},"end":{"line":238,"column":null}},"103":{"start":{"line":240,"column":15},"end":{"line":240,"column":null}},"104":{"start":{"line":241,"column":2},"end":{"line":245,"column":null}},"105":{"start":{"line":242,"column":4},"end":{"line":242,"column":null}},"106":{"start":{"line":243,"column":4},"end":{"line":243,"column":null}},"107":{"start":{"line":244,"column":4},"end":{"line":244,"column":null}},"108":{"start":{"line":247,"column":19},"end":{"line":247,"column":null}},"109":{"start":{"line":248,"column":2},"end":{"line":252,"column":null}},"110":{"start":{"line":249,"column":4},"end":{"line":249,"column":null}},"111":{"start":{"line":250,"column":4},"end":{"line":250,"column":null}},"112":{"start":{"line":251,"column":4},"end":{"line":251,"column":null}},"113":{"start":{"line":254,"column":2},"end":{"line":254,"column":null}},"114":{"start":{"line":255,"column":2},"end":{"line":255,"column":null}},"115":{"start":{"line":256,"column":2},"end":{"line":256,"column":null}},"116":{"start":{"line":258,"column":2},"end":{"line":258,"column":null}},"117":{"start":{"line":260,"column":2},"end":{"line":260,"column":null}},"118":{"start":{"line":262,"column":2},"end":{"line":265,"column":null}},"119":{"start":{"line":269,"column":17},"end":{"line":269,"column":null}},"120":{"start":{"line":271,"column":2},"end":{"line":271,"column":null}},"121":{"start":{"line":272,"column":2},"end":{"line":272,"column":null}},"122":{"start":{"line":273,"column":2},"end":{"line":273,"column":null}},"123":{"start":{"line":274,"column":2},"end":{"line":274,"column":null}},"124":{"start":{"line":275,"column":2},"end":{"line":275,"column":null}},"125":{"start":{"line":276,"column":2},"end":{"line":276,"column":null}},"126":{"start":{"line":278,"column":2},"end":{"line":278,"column":null}}},"fnMap":{"0":{"name":"(anonymous_0)","decl":{"start":{"line":18,"column":17},"end":{"line":18,"column":18}},"loc":{"start":{"line":18,"column":28},"end":{"line":24,"column":null}},"line":18},"1":{"name":"(anonymous_1)","decl":{"start":{"line":27,"column":20},"end":{"line":27,"column":26}},"loc":{"start":{"line":27,"column":26},"end":{"line":27,"column":71}},"line":27},"2":{"name":"(anonymous_2)","decl":{"start":{"line":28,"column":18},"end":{"line":28,"column":19}},"loc":{"start":{"line":28,"column":27},"end":{"line":28,"column":73}},"line":28},"3":{"name":"getRoom","decl":{"start":{"line":30,"column":15},"end":{"line":30,"column":23}},"loc":{"start":{"line":30,"column":61},"end":{"line":33,"column":null}},"line":30},"4":{"name":"saveRoom","decl":{"start":{"line":35,"column":15},"end":{"line":35,"column":24}},"loc":{"start":{"line":35,"column":51},"end":{"line":37,"column":null}},"line":35},"5":{"name":"slugify","decl":{"start":{"line":39,"column":9},"end":{"line":39,"column":17}},"loc":{"start":{"line":39,"column":39},"end":{"line":46,"column":null}},"line":39},"6":{"name":"listRooms","decl":{"start":{"line":48,"column":15},"end":{"line":48,"column":25}},"loc":{"start":{"line":48,"column":52},"end":{"line":58,"column":null}},"line":48},"7":{"name":"getRoomById","decl":{"start":{"line":60,"column":15},"end":{"line":60,"column":27}},"loc":{"start":{"line":60,"column":54},"end":{"line":70,"column":null}},"line":60},"8":{"name":"createRoom","decl":{"start":{"line":72,"column":15},"end":{"line":72,"column":26}},"loc":{"start":{"line":72,"column":53},"end":{"line":107,"column":null}},"line":72},"9":{"name":"updateMembership","decl":{"start":{"line":111,"column":15},"end":{"line":111,"column":32}},"loc":{"start":{"line":111,"column":85},"end":{"line":141,"column":null}},"line":111},"10":{"name":"(anonymous_10)","decl":{"start":{"line":134,"column":35},"end":{"line":134,"column":36}},"loc":{"start":{"line":134,"column":42},"end":{"line":134,"column":54}},"line":134},"11":{"name":"(anonymous_11)","decl":{"start":{"line":143,"column":17},"end":{"line":143,"column":18}},"loc":{"start":{"line":143,"column":48},"end":{"line":143,"column":null}},"line":143},"12":{"name":"(anonymous_12)","decl":{"start":{"line":144,"column":18},"end":{"line":144,"column":19}},"loc":{"start":{"line":144,"column":49},"end":{"line":144,"column":null}},"line":144},"13":{"name":"spotifyFetch","decl":{"start":{"line":157,"column":15},"end":{"line":157,"column":31}},"loc":{"start":{"line":157,"column":112},"end":{"line":174,"column":null}},"line":157},"14":{"name":"fetchSpotifyUser","decl":{"start":{"line":176,"column":15},"end":{"line":176,"column":32}},"loc":{"start":{"line":176,"column":53},"end":{"line":178,"column":null}},"line":176},"15":{"name":"createSpotifyPlaylist","decl":{"start":{"line":180,"column":15},"end":{"line":180,"column":37}},"loc":{"start":{"line":180,"column":92},"end":{"line":189,"column":null}},"line":180},"16":{"name":"syncQueueToPlaylist","decl":{"start":{"line":191,"column":15},"end":{"line":191,"column":35}},"loc":{"start":{"line":191,"column":92},"end":{"line":210,"column":null}},"line":191},"17":{"name":"(anonymous_17)","decl":{"start":{"line":198,"column":32},"end":{"line":198,"column":33}},"loc":{"start":{"line":198,"column":62},"end":{"line":198,"column":92}},"line":198},"18":{"name":"createPlaylist","decl":{"start":{"line":212,"column":15},"end":{"line":212,"column":30}},"loc":{"start":{"line":212,"column":57},"end":{"line":266,"column":null}},"line":212},"19":{"name":"roomsApiMiddleware","decl":{"start":{"line":268,"column":16},"end":{"line":268,"column":56}},"loc":{"start":{"line":268,"column":56},"end":{"line":279,"column":null}},"line":268}},"branchMap":{"0":{"loc":{"start":{"line":16,"column":8},"end":{"line":16,"column":null}},"type":"binary-expr","locations":[{"start":{"line":16,"column":8},"end":{"line":16,"column":34}},{"start":{"line":16,"column":34},"end":{"line":16,"column":null}}],"line":16},"1":{"loc":{"start":{"line":17,"column":17},"end":{"line":17,"column":49}},"type":"binary-expr","locations":[{"start":{"line":17,"column":17},"end":{"line":17,"column":43}},{"start":{"line":17,"column":43},"end":{"line":17,"column":49}}],"line":17},"2":{"loc":{"start":{"line":19,"column":4},"end":{"line":22,"column":null}},"type":"if","locations":[{"start":{"line":19,"column":4},"end":{"line":22,"column":null}},{"start":{},"end":{}}],"line":19},"3":{"loc":{"start":{"line":32,"column":9},"end":{"line":32,"column":null}},"type":"cond-expr","locations":[{"start":{"line":32,"column":16},"end":{"line":32,"column":35}},{"start":{"line":32,"column":35},"end":{"line":32,"column":null}}],"line":32},"4":{"loc":{"start":{"line":54,"column":4},"end":{"line":54,"column":null}},"type":"if","locations":[{"start":{"line":54,"column":4},"end":{"line":54,"column":null}},{"start":{},"end":{}}],"line":54},"5":{"loc":{"start":{"line":63,"column":2},"end":{"line":67,"column":null}},"type":"if","locations":[{"start":{"line":63,"column":2},"end":{"line":67,"column":null}},{"start":{},"end":{}}],"line":63},"6":{"loc":{"start":{"line":75,"column":2},"end":{"line":79,"column":null}},"type":"if","locations":[{"start":{"line":75,"column":2},"end":{"line":79,"column":null}},{"start":{},"end":{}}],"line":75},"7":{"loc":{"start":{"line":75,"column":6},"end":{"line":75,"column":27}},"type":"binary-expr","locations":[{"start":{"line":75,"column":6},"end":{"line":75,"column":15}},{"start":{"line":75,"column":15},"end":{"line":75,"column":27}}],"line":75},"8":{"loc":{"start":{"line":84,"column":2},"end":{"line":92,"column":null}},"type":"if","locations":[{"start":{"line":84,"column":2},"end":{"line":92,"column":null}},{"start":{},"end":{}}],"line":84},"9":{"loc":{"start":{"line":85,"column":4},"end":{"line":88,"column":null}},"type":"if","locations":[{"start":{"line":85,"column":4},"end":{"line":88,"column":null}},{"start":{},"end":{}}],"line":85},"10":{"loc":{"start":{"line":114,"column":2},"end":{"line":118,"column":null}},"type":"if","locations":[{"start":{"line":114,"column":2},"end":{"line":118,"column":null}},{"start":{},"end":{}}],"line":114},"11":{"loc":{"start":{"line":122,"column":2},"end":{"line":126,"column":null}},"type":"if","locations":[{"start":{"line":122,"column":2},"end":{"line":126,"column":null}},{"start":{},"end":{}}],"line":122},"12":{"loc":{"start":{"line":128,"column":2},"end":{"line":137,"column":null}},"type":"if","locations":[{"start":{"line":128,"column":2},"end":{"line":137,"column":null}},{"start":{"line":133,"column":9},"end":{"line":137,"column":null}}],"line":128},"13":{"loc":{"start":{"line":129,"column":4},"end":{"line":132,"column":null}},"type":"if","locations":[{"start":{"line":129,"column":4},"end":{"line":132,"column":null}},{"start":{},"end":{}}],"line":129},"14":{"loc":{"start":{"line":135,"column":4},"end":{"line":135,"column":null}},"type":"if","locations":[{"start":{"line":135,"column":4},"end":{"line":135,"column":null}},{"start":{},"end":{}}],"line":135},"15":{"loc":{"start":{"line":167,"column":2},"end":{"line":171,"column":null}},"type":"if","locations":[{"start":{"line":167,"column":2},"end":{"line":171,"column":null}},{"start":{},"end":{}}],"line":167},"16":{"loc":{"start":{"line":193,"column":2},"end":{"line":193,"column":null}},"type":"if","locations":[{"start":{"line":193,"column":2},"end":{"line":193,"column":null}},{"start":{},"end":{}}],"line":193},"17":{"loc":{"start":{"line":196,"column":2},"end":{"line":196,"column":null}},"type":"if","locations":[{"start":{"line":196,"column":2},"end":{"line":196,"column":null}},{"start":{},"end":{}}],"line":196},"18":{"loc":{"start":{"line":215,"column":2},"end":{"line":219,"column":null}},"type":"if","locations":[{"start":{"line":215,"column":2},"end":{"line":219,"column":null}},{"start":{},"end":{}}],"line":215},"19":{"loc":{"start":{"line":223,"column":2},"end":{"line":227,"column":null}},"type":"if","locations":[{"start":{"line":223,"column":2},"end":{"line":227,"column":null}},{"start":{},"end":{}}],"line":223},"20":{"loc":{"start":{"line":229,"column":2},"end":{"line":236,"column":null}},"type":"if","locations":[{"start":{"line":229,"column":2},"end":{"line":236,"column":null}},{"start":{},"end":{}}],"line":229},"21":{"loc":{"start":{"line":241,"column":2},"end":{"line":245,"column":null}},"type":"if","locations":[{"start":{"line":241,"column":2},"end":{"line":245,"column":null}},{"start":{},"end":{}}],"line":241},"22":{"loc":{"start":{"line":248,"column":2},"end":{"line":252,"column":null}},"type":"if","locations":[{"start":{"line":248,"column":2},"end":{"line":252,"column":null}},{"start":{},"end":{}}],"line":248}},"s":{"0":1,"1":0,"2":0,"3":0,"4":0,"5":1,"6":0,"7":1,"8":0,"9":10,"10":10,"11":6,"12":2,"13":2,"14":2,"15":2,"16":2,"17":2,"18":2,"19":2,"20":2,"21":2,"22":1,"23":1,"24":1,"25":1,"26":3,"27":3,"28":1,"29":1,"30":1,"31":2,"32":2,"33":2,"34":1,"35":1,"36":1,"37":1,"38":1,"39":1,"40":1,"41":1,"42":1,"43":1,"44":1,"45":5,"46":5,"47":1,"48":1,"49":1,"50":4,"51":4,"52":1,"53":1,"54":1,"55":3,"56":1,"57":1,"58":1,"59":2,"60":3,"61":2,"62":1,"63":2,"64":3,"65":3,"66":1,"67":3,"68":1,"69":2,"70":1,"71":2,"72":2,"73":0,"74":0,"75":0,"76":2,"77":1,"78":1,"79":1,"80":1,"81":0,"82":1,"83":1,"84":1,"85":0,"86":0,"87":0,"88":0,"89":3,"90":3,"91":1,"92":1,"93":1,"94":2,"95":2,"96":0,"97":0,"98":0,"99":2,"100":1,"101":1,"102":1,"103":1,"104":1,"105":0,"106":0,"107":0,"108":1,"109":1,"110":0,"111":0,"112":0,"113":1,"114":1,"115":1,"116":1,"117":1,"118":1,"119":15,"120":15,"121":15,"122":15,"123":15,"124":15,"125":15,"126":15},"f":{"0":0,"1":0,"2":0,"3":10,"4":6,"5":2,"6":2,"7":2,"8":3,"9":5,"10":3,"11":3,"12":2,"13":2,"14":1,"15":1,"16":1,"17":0,"18":3,"19":15},"b":{"0":[1,1],"1":[1,1],"2":[0,0],"3":[7,3],"4":[2,0],"5":[1,1],"6":[1,2],"7":[3,3],"8":[1,1],"9":[1,0],"10":[1,4],"11":[1,3],"12":[1,2],"13":[1,0],"14":[1,1],"15":[0,2],"16":[0,1],"17":[1,0],"18":[1,2],"19":[0,2],"20":[1,1],"21":[0,1],"22":[0,1]},"meta":{"lastBranch":23,"lastFunction":20,"lastStatement":127,"seen":{"s:15:14:25:Infinity":0,"b:16:8:16:34:16:34:16:Infinity":0,"b:17:17:17:43:17:43:17:49":1,"f:18:17:18:18":0,"b:19:4:22:Infinity:undefined:undefined:undefined:undefined":2,"s:19:4:22:Infinity":1,"s:20:6:20:Infinity":2,"s:21:6:21:Infinity":3,"s:23:4:23:Infinity":4,"s:27:0:27:Infinity":5,"f:27:20:27:26":1,"s:27:26:27:71":6,"s:28:0:28:Infinity":7,"f:28:18:28:19":2,"s:28:27:28:73":8,"f:30:15:30:23":3,"s:31:15:31:Infinity":9,"s:32:2:32:Infinity":10,"b:32:16:32:35:32:35:32:Infinity":3,"f:35:15:35:24":4,"s:36:2:36:Infinity":11,"f:39:9:39:17":5,"s:40:2:45:Infinity":12,"f:48:15:48:25":6,"s:49:15:49:Infinity":13,"s:50:24:50:Infinity":14,"s:52:2:55:Infinity":15,"s:53:17:53:Infinity":16,"b:54:4:54:Infinity:undefined:undefined:undefined:undefined":4,"s:54:4:54:Infinity":17,"s:54:14:54:Infinity":18,"s:57:2:57:Infinity":19,"f:60:15:60:27":7,"s:61:15:61:Infinity":20,"b:63:2:67:Infinity:undefined:undefined:undefined:undefined":5,"s:63:2:67:Infinity":21,"s:64:4:64:Infinity":22,"s:65:4:65:Infinity":23,"s:66:4:66:Infinity":24,"s:69:2:69:Infinity":25,"f:72:15:72:26":8,"s:73:30:73:Infinity":26,"b:75:2:79:Infinity:undefined:undefined:undefined:undefined":6,"s:75:2:79:Infinity":27,"b:75:6:75:15:75:15:75:27":7,"s:76:4:76:Infinity":28,"s:77:4:77:Infinity":29,"s:78:4:78:Infinity":30,"s:81:17:81:Infinity":31,"s:82:19:82:Infinity":32,"b:84:2:92:Infinity:undefined:undefined:undefined:undefined":8,"s:84:2:92:Infinity":33,"b:85:4:88:Infinity:undefined:undefined:undefined:undefined":9,"s:85:4:88:Infinity":34,"s:86:6:86:Infinity":35,"s:87:6:87:Infinity":36,"s:89:4:89:Infinity":37,"s:90:4:90:Infinity":38,"s:91:4:91:Infinity":39,"s:94:21:101:Infinity":40,"s:103:2:103:Infinity":41,"s:104:2:104:Infinity":42,"s:105:2:105:Infinity":43,"s:106:2:106:Infinity":44,"f:111:15:111:32":9,"s:112:21:112:Infinity":45,"b:114:2:118:Infinity:undefined:undefined:undefined:undefined":10,"s:114:2:118:Infinity":46,"s:115:4:115:Infinity":47,"s:116:4:116:Infinity":48,"s:117:4:117:Infinity":49,"s:120:15:120:Infinity":50,"b:122:2:126:Infinity:undefined:undefined:undefined:undefined":11,"s:122:2:126:Infinity":51,"s:123:4:123:Infinity":52,"s:124:4:124:Infinity":53,"s:125:4:125:Infinity":54,"b:128:2:137:Infinity:133:9:137:Infinity":12,"s:128:2:137:Infinity":55,"b:129:4:132:Infinity:undefined:undefined:undefined:undefined":13,"s:129:4:132:Infinity":56,"s:130:6:130:Infinity":57,"s:131:6:131:Infinity":58,"s:134:4:134:Infinity":59,"f:134:35:134:36":10,"s:134:42:134:54":60,"b:135:4:135:Infinity:undefined:undefined:undefined:undefined":14,"s:135:4:135:Infinity":61,"s:135:33:135:Infinity":62,"s:136:4:136:Infinity":63,"s:139:2:139:Infinity":64,"s:140:2:140:Infinity":65,"s:143:17:143:Infinity":66,"f:143:17:143:18":11,"s:143:48:143:Infinity":67,"s:144:18:144:Infinity":68,"f:144:18:144:19":12,"s:144:49:144:Infinity":69,"s:146:20:146:Infinity":70,"f:157:15:157:31":13,"s:158:14:165:Infinity":71,"b:167:2:171:Infinity:undefined:undefined:undefined:undefined":15,"s:167:2:171:Infinity":72,"s:168:17:168:Infinity":73,"s:169:4:169:Infinity":74,"s:170:4:170:Infinity":75,"s:173:2:173:Infinity":76,"f:176:15:176:32":14,"s:177:2:177:Infinity":77,"f:180:15:180:37":15,"s:181:2:188:Infinity":78,"f:191:15:191:35":16,"s:192:20:192:Infinity":79,"b:193:2:193:Infinity:undefined:undefined:undefined:undefined":16,"s:193:2:193:Infinity":80,"s:193:18:193:Infinity":81,"s:195:16:195:Infinity":82,"b:196:2:196:Infinity:undefined:undefined:undefined:undefined":17,"s:196:2:196:Infinity":83,"s:196:29:196:Infinity":84,"s:198:15:198:Infinity":85,"f:198:32:198:33":17,"s:198:62:198:92":86,"s:200:2:207:Infinity":87,"s:209:2:209:Infinity":88,"f:212:15:212:30":18,"s:213:26:213:Infinity":89,"b:215:2:219:Infinity:undefined:undefined:undefined:undefined":18,"s:215:2:219:Infinity":90,"s:216:4:216:Infinity":91,"s:217:4:217:Infinity":92,"s:218:4:218:Infinity":93,"s:221:15:221:Infinity":94,"b:223:2:227:Infinity:undefined:undefined:undefined:undefined":19,"s:223:2:227:Infinity":95,"s:224:4:224:Infinity":96,"s:225:4:225:Infinity":97,"s:226:4:226:Infinity":98,"b:229:2:236:Infinity:undefined:undefined:undefined:undefined":20,"s:229:2:236:Infinity":99,"s:230:4:234:Infinity":100,"s:235:4:235:Infinity":101,"s:238:2:238:Infinity":102,"s:240:15:240:Infinity":103,"b:241:2:245:Infinity:undefined:undefined:undefined:undefined":21,"s:241:2:245:Infinity":104,"s:242:4:242:Infinity":105,"s:243:4:243:Infinity":106,"s:244:4:244:Infinity":107,"s:247:19:247:Infinity":108,"b:248:2:252:Infinity:undefined:undefined:undefined:undefined":22,"s:248:2:252:Infinity":109,"s:249:4:249:Infinity":110,"s:250:4:250:Infinity":111,"s:251:4:251:Infinity":112,"s:254:2:254:Infinity":113,"s:255:2:255:Infinity":114,"s:256:2:256:Infinity":115,"s:258:2:258:Infinity":116,"s:260:2:260:Infinity":117,"s:262:2:265:Infinity":118,"f:268:16:268:56":19,"s:269:17:269:Infinity":119,"s:271:2:271:Infinity":120,"s:272:2:272:Infinity":121,"s:273:2:273:Infinity":122,"s:274:2:274:Infinity":123,"s:275:2:275:Infinity":124,"s:276:2:276:Infinity":125,"s:278:2:278:Infinity":126},"fnNames":{}}}
}
