TN:
SF:src/lib/socket-setup.ts
FN:27,getRoomState
FN:41,handleJoinRoom
FN:62,handleLeaveRoom
FN:69,handleAddTrack
FN:93,handleDisconnect
FN:103,setupSocketIO
FN:106,(anonymous_6)
FN:109,(anonymous_7)
FN:113,(anonymous_8)
FN:114,(anonymous_9)
FN:115,(anonymous_10)
FN:116,(anonymous_11)
FNF:12
FNH:11
FNDA:1,getRoomState
FNDA:1,handleJoinRoom
FNDA:1,handleLeaveRoom
FNDA:1,handleAddTrack
FNDA:1,handleDisconnect
FNDA:6,setupSocketIO
FNDA:6,(anonymous_6)
FNDA:0,(anonymous_7)
FNDA:1,(anonymous_8)
FNDA:1,(anonymous_9)
FNDA:1,(anonymous_10)
FNDA:1,(anonymous_11)
DA:20,1
DA:28,1
DA:34,1
DA:42,1
DA:44,1
DA:45,1
DA:46,1
DA:48,1
DA:50,1
DA:52,1
DA:53,1
DA:59,1
DA:63,1
DA:65,1
DA:66,1
DA:70,1
DA:72,1
DA:73,1
DA:75,1
DA:76,1
DA:77,1
DA:79,1
DA:80,1
DA:86,1
DA:87,1
DA:90,1
DA:94,1
DA:96,1
DA:97,1
DA:104,6
DA:106,6
DA:107,6
DA:109,6
DA:110,0
DA:113,6
DA:114,6
DA:115,6
DA:116,6
LF:38
LH:37
BRDA:35,0,0,1
BRDA:35,0,1,0
BRDA:36,1,0,1
BRDA:36,1,1,0
BRDA:37,2,0,1
BRDA:37,2,1,0
BRDA:52,3,0,1
BRDA:52,3,1,0
BRDA:73,4,0,1
BRDA:73,4,1,0
BRDA:79,5,0,1
BRDA:79,5,1,0
BRDA:96,6,0,1
BRDA:96,6,1,0
BRDA:96,7,0,1
BRDA:96,7,1,1
BRF:16
BRH:9
end_of_record
TN:
SF:src/middleware/auth.ts
FN:29,cleanupExpiredVerifiers
FN:38,scheduleVerifierCleanup
FN:39,(anonymous_2)
FN:45,buildAuthHeader
FN:51,setAuthCookies
FN:68,clearAuthCookies
FN:77,requestSpotifyToken
FN:91,exchangeCodeForToken
FN:102,refreshAccessToken
FN:111,storeVerifier
FN:139,validateExchangeRequest
FN:152,validateVerifier
FN:171,validateCredentials
FN:183,exchangeToken
FN:235,getToken
FN:247,refreshToken
FN:272,logout
FN:277,authMiddleware
FNF:18
FNH:17
FNDA:4,cleanupExpiredVerifiers
FNDA:3,scheduleVerifierCleanup
FNDA:0,(anonymous_2)
FNDA:5,buildAuthHeader
FNDA:3,setAuthCookies
FNDA:1,clearAuthCookies
FNDA:5,requestSpotifyToken
FNDA:3,exchangeCodeForToken
FNDA:2,refreshAccessToken
FNDA:5,storeVerifier
FNDA:6,validateExchangeRequest
FNDA:5,validateVerifier
FNDA:3,validateCredentials
FNDA:6,exchangeToken
FNDA:2,getToken
FNDA:3,refreshToken
FNDA:1,logout
FNDA:13,authMiddleware
DA:22,13
DA:23,13
DA:24,13
DA:25,13
DA:27,13
DA:30,4
DA:31,4
DA:32,4
DA:33,0
DA:39,3
DA:40,0
DA:41,0
DA:46,5
DA:47,5
DA:48,5
DA:52,3
DA:53,3
DA:58,3
DA:59,1
DA:60,1
DA:65,3
DA:69,1
DA:74,1
DA:78,5
DA:87,5
DA:88,5
DA:92,3
DA:103,2
DA:112,5
DA:114,5
DA:115,1
DA:116,1
DA:117,1
DA:120,4
DA:121,4
DA:123,4
DA:125,4
DA:140,6
DA:146,6
DA:147,1
DA:149,5
DA:153,5
DA:154,1
DA:155,1
DA:158,4
DA:159,1
DA:160,1
DA:163,3
DA:164,0
DA:165,0
DA:168,3
DA:172,3
DA:173,3
DA:175,3
DA:176,0
DA:177,0
DA:180,3
DA:184,6
DA:186,6
DA:187,6
DA:188,1
DA:189,1
DA:190,1
DA:193,5
DA:195,5
DA:196,5
DA:197,5
DA:198,2
DA:199,2
DA:200,2
DA:203,3
DA:204,3
DA:205,0
DA:206,0
DA:207,0
DA:210,3
DA:211,3
DA:212,3
DA:214,3
DA:216,3
DA:218,3
DA:219,1
DA:220,1
DA:221,1
DA:222,1
DA:225,2
DA:227,2
DA:228,2
DA:236,2
DA:238,2
DA:239,1
DA:240,1
DA:241,1
DA:244,1
DA:248,3
DA:250,3
DA:251,1
DA:252,1
DA:253,1
DA:256,2
DA:258,2
DA:259,1
DA:260,1
DA:261,1
DA:262,1
DA:265,1
DA:266,1
DA:273,1
DA:274,1
DA:278,13
DA:280,13
DA:281,13
DA:282,13
DA:283,13
DA:284,13
DA:286,13
LF:116
LH:106
BRDA:32,0,0,0
BRDA:32,0,1,4
BRDA:51,1,0,3
BRDA:52,2,0,3
BRDA:52,2,1,0
BRDA:58,3,0,1
BRDA:58,3,1,2
BRDA:58,4,0,3
BRDA:58,4,1,2
BRDA:114,5,0,1
BRDA:114,5,1,4
BRDA:114,6,0,5
BRDA:114,6,1,5
BRDA:141,7,0,6
BRDA:141,7,1,0
BRDA:142,8,0,6
BRDA:142,8,1,1
BRDA:143,9,0,6
BRDA:143,9,1,1
BRDA:146,10,0,1
BRDA:146,10,1,5
BRDA:153,11,0,1
BRDA:153,11,1,4
BRDA:158,12,0,1
BRDA:158,12,1,3
BRDA:163,13,0,0
BRDA:163,13,1,3
BRDA:175,14,0,0
BRDA:175,14,1,3
BRDA:175,15,0,3
BRDA:175,15,1,3
BRDA:187,16,0,1
BRDA:187,16,1,5
BRDA:197,17,0,2
BRDA:197,17,1,3
BRDA:204,18,0,0
BRDA:204,18,1,3
BRDA:218,19,0,1
BRDA:218,19,1,2
BRDA:238,20,0,1
BRDA:238,20,1,1
BRDA:250,21,0,1
BRDA:250,21,1,2
BRDA:258,22,0,1
BRDA:258,22,1,1
BRF:45
BRH:39
end_of_record
TN:
SF:src/middleware/queue.ts
FN:19,getQueue
FN:24,saveQueue
FN:28,getHistory
FN:32,(anonymous_3)
FN:35,getPlayCounts
FN:59,validateMoveRequest
FN:66,calculateNewIndex
FN:73,moveTrack
FN:85,(anonymous_8)
FN:123,queueApiMiddleware
FNF:10
FNH:10
FNDA:6,getQueue
FNDA:2,saveQueue
FNDA:2,getHistory
FNDA:2,(anonymous_3)
FNDA:2,getPlayCounts
FNDA:7,validateMoveRequest
FNDA:3,calculateNewIndex
FNDA:7,moveTrack
FNDA:9,(anonymous_8)
FNDA:11,queueApiMiddleware
DA:4,1
DA:20,6
DA:21,6
DA:25,2
DA:29,2
DA:31,2
DA:32,2
DA:36,2
DA:37,2
DA:38,2
DA:40,2
DA:42,2
DA:43,2
DA:44,2
DA:45,2
DA:48,2
DA:60,7
DA:61,6
DA:62,6
DA:63,6
DA:67,3
DA:68,2
DA:70,1
DA:74,7
DA:75,7
DA:77,7
DA:78,7
DA:79,1
DA:80,1
DA:81,1
DA:84,6
DA:85,9
DA:87,6
DA:88,1
DA:89,1
DA:90,1
DA:93,5
DA:95,5
DA:96,1
DA:97,1
DA:98,1
DA:101,4
DA:102,1
DA:103,1
DA:104,1
DA:107,3
DA:109,3
DA:110,1
DA:111,1
DA:114,2
DA:115,2
DA:117,2
DA:119,2
DA:120,2
DA:124,11
DA:126,11
DA:127,11
DA:128,11
DA:130,11
LF:59
LH:59
BRDA:5,0,0,1
BRDA:5,0,1,1
BRDA:6,1,0,1
BRDA:6,1,1,1
BRDA:21,2,0,6
BRDA:21,2,1,0
BRDA:45,3,0,2
BRDA:45,3,1,0
BRDA:60,4,0,1
BRDA:60,4,1,6
BRDA:61,5,0,0
BRDA:61,5,1,6
BRDA:62,6,0,0
BRDA:62,6,1,6
BRDA:67,7,0,2
BRDA:67,7,1,1
BRDA:78,8,0,1
BRDA:78,8,1,6
BRDA:87,9,0,1
BRDA:87,9,1,5
BRDA:95,10,0,1
BRDA:95,10,1,4
BRDA:101,11,0,1
BRDA:101,11,1,3
BRDA:109,12,0,1
BRDA:109,12,1,2
BRF:26
BRH:22
end_of_record
TN:
SF:src/middleware/rooms.ts
FN:18,(anonymous_0)
FN:27,(anonymous_1)
FN:28,(anonymous_2)
FN:30,getRoom
FN:35,saveRoom
FN:39,slugify
FN:48,listRooms
FN:60,getRoomById
FN:72,createRoom
FN:111,updateMembership
FN:134,(anonymous_10)
FN:143,(anonymous_11)
FN:144,(anonymous_12)
FN:157,spotifyFetch
FN:176,fetchSpotifyUser
FN:180,createSpotifyPlaylist
FN:191,syncQueueToPlaylist
FN:198,(anonymous_17)
FN:212,createPlaylist
FN:268,roomsApiMiddleware
FNF:20
FNH:16
FNDA:0,(anonymous_0)
FNDA:0,(anonymous_1)
FNDA:0,(anonymous_2)
FNDA:10,getRoom
FNDA:6,saveRoom
FNDA:2,slugify
FNDA:2,listRooms
FNDA:2,getRoomById
FNDA:3,createRoom
FNDA:5,updateMembership
FNDA:3,(anonymous_10)
FNDA:3,(anonymous_11)
FNDA:2,(anonymous_12)
FNDA:2,spotifyFetch
FNDA:1,fetchSpotifyUser
FNDA:1,createSpotifyPlaylist
FNDA:1,syncQueueToPlaylist
FNDA:0,(anonymous_17)
FNDA:3,createPlaylist
FNDA:15,roomsApiMiddleware
DA:15,1
DA:19,0
DA:20,0
DA:21,0
DA:23,0
DA:27,1
DA:28,1
DA:31,10
DA:32,10
DA:36,6
DA:40,2
DA:49,2
DA:50,2
DA:52,2
DA:53,2
DA:54,2
DA:57,2
DA:61,2
DA:63,2
DA:64,1
DA:65,1
DA:66,1
DA:69,1
DA:73,3
DA:75,3
DA:76,1
DA:77,1
DA:78,1
DA:81,2
DA:82,2
DA:84,2
DA:85,1
DA:86,1
DA:87,1
DA:89,1
DA:90,1
DA:91,1
DA:94,1
DA:103,1
DA:104,1
DA:105,1
DA:106,1
DA:112,5
DA:114,5
DA:115,1
DA:116,1
DA:117,1
DA:120,4
DA:122,4
DA:123,1
DA:124,1
DA:125,1
DA:128,3
DA:129,1
DA:130,1
DA:131,1
DA:134,3
DA:135,2
DA:136,2
DA:139,3
DA:140,3
DA:143,3
DA:144,2
DA:146,1
DA:158,2
DA:167,2
DA:168,0
DA:169,0
DA:170,0
DA:173,2
DA:177,1
DA:181,1
DA:192,1
DA:193,1
DA:195,1
DA:196,1
DA:198,0
DA:200,0
DA:209,0
DA:213,3
DA:215,3
DA:216,1
DA:217,1
DA:218,1
DA:221,2
DA:223,2
DA:224,0
DA:225,0
DA:226,0
DA:229,2
DA:230,1
DA:235,1
DA:238,1
DA:240,1
DA:241,1
DA:242,0
DA:243,0
DA:244,0
DA:247,1
DA:248,1
DA:249,0
DA:250,0
DA:251,0
DA:254,1
DA:255,1
DA:256,1
DA:258,1
DA:260,1
DA:262,1
DA:269,15
DA:271,15
DA:272,15
DA:273,15
DA:274,15
DA:275,15
DA:276,15
DA:278,15
LF:117
LH:98
BRDA:16,0,0,1
BRDA:16,0,1,1
BRDA:17,1,0,1
BRDA:17,1,1,1
BRDA:19,2,0,0
BRDA:19,2,1,0
BRDA:32,3,0,7
BRDA:32,3,1,3
BRDA:54,4,0,2
BRDA:54,4,1,0
BRDA:63,5,0,1
BRDA:63,5,1,1
BRDA:75,6,0,1
BRDA:75,6,1,2
BRDA:75,7,0,3
BRDA:75,7,1,3
BRDA:84,8,0,1
BRDA:84,8,1,1
BRDA:85,9,0,1
BRDA:85,9,1,0
BRDA:114,10,0,1
BRDA:114,10,1,4
BRDA:122,11,0,1
BRDA:122,11,1,3
BRDA:128,12,0,1
BRDA:128,12,1,2
BRDA:129,13,0,1
BRDA:129,13,1,0
BRDA:135,14,0,1
BRDA:135,14,1,1
BRDA:167,15,0,0
BRDA:167,15,1,2
BRDA:193,16,0,0
BRDA:193,16,1,1
BRDA:196,17,0,1
BRDA:196,17,1,0
BRDA:215,18,0,1
BRDA:215,18,1,2
BRDA:223,19,0,0
BRDA:223,19,1,2
BRDA:229,20,0,1
BRDA:229,20,1,1
BRDA:241,21,0,0
BRDA:241,21,1,1
BRDA:248,22,0,0
BRDA:248,22,1,1
BRF:46
BRH:35
end_of_record
